c:\users\madpsy\repos\ka9q_ubersdr\clients\cw_skimmer\ubersdrintf\build32\ubersdrintf.dir\release\ubersdrintf.obj
c:\users\madpsy\repos\ka9q_ubersdr\clients\cw_skimmer\ubersdrintf\build32\ubersdrintf.dir\release\ubersdr.obj
c:\users\madpsy\repos\ka9q_ubersdr\clients\cw_skimmer\ubersdrintf\build32\ubersdrintf.dir\release\ixsocketfactorystub.obj
c:\users\madpsy\repos\ka9q_ubersdr\clients\cw_skimmer\ubersdrintf\build32\ubersdrintf.dir\release\ixuseragentstub.obj
c:\users\madpsy\repos\ka9q_ubersdr\clients\cw_skimmer\ubersdrintf\build32\ubersdrintf.dir\release\ixsockettlsoptions.obj
c:\users\madpsy\repos\ka9q_ubersdr\clients\cw_skimmer\ubersdrintf\build32\ubersdrintf.dir\release\ixsocketserver.obj
c:\users\madpsy\repos\ka9q_ubersdr\clients\cw_skimmer\ubersdrintf\build32\ubersdrintf.dir\release\ixsocketconnect.obj
c:\users\madpsy\repos\ka9q_ubersdr\clients\cw_skimmer\ubersdrintf\build32\ubersdrintf.dir\release\ixsocket.obj
c:\users\madpsy\repos\ka9q_ubersdr\clients\cw_skimmer\ubersdrintf\build32\ubersdrintf.dir\release\ixsetthreadname.obj
c:\users\madpsy\repos\ka9q_ubersdr\clients\cw_skimmer\ubersdrintf\build32\ubersdrintf.dir\release\ixselectinterruptpipe.obj
c:\users\madpsy\repos\ka9q_ubersdr\clients\cw_skimmer\ubersdrintf\build32\ubersdrintf.dir\release\ixselectinterruptfactory.obj
c:\users\madpsy\repos\ka9q_ubersdr\clients\cw_skimmer\ubersdrintf\build32\ubersdrintf.dir\release\ixselectinterruptevent.obj
c:\users\madpsy\repos\ka9q_ubersdr\clients\cw_skimmer\ubersdrintf\build32\ubersdrintf.dir\release\ixselectinterrupt.obj
c:\users\madpsy\repos\ka9q_ubersdr\clients\cw_skimmer\ubersdrintf\build32\ubersdrintf.dir\release\ixnetsystem.obj
c:\users\madpsy\repos\ka9q_ubersdr\clients\cw_skimmer\ubersdrintf\build32\ubersdrintf.dir\release\ixhttpserver.obj
c:\users\madpsy\repos\ka9q_ubersdr\clients\cw_skimmer\ubersdrintf\build32\ubersdrintf.dir\release\ixhttpclient.obj
c:\users\madpsy\repos\ka9q_ubersdr\clients\cw_skimmer\ubersdrintf\build32\ubersdrintf.dir\release\ixhttp.obj
c:\users\madpsy\repos\ka9q_ubersdr\clients\cw_skimmer\ubersdrintf\build32\ubersdrintf.dir\release\ixgzipcodec.obj
c:\users\madpsy\repos\ka9q_ubersdr\clients\cw_skimmer\ubersdrintf\build32\ubersdrintf.dir\release\ixgetfreeport.obj
c:\users\madpsy\repos\ka9q_ubersdr\clients\cw_skimmer\ubersdrintf\build32\ubersdrintf.dir\release\ixexponentialbackoff.obj
c:\users\madpsy\repos\ka9q_ubersdr\clients\cw_skimmer\ubersdrintf\build32\ubersdrintf.dir\release\ixdnslookup.obj
c:\users\madpsy\repos\ka9q_ubersdr\clients\cw_skimmer\ubersdrintf\build32\ubersdrintf.dir\release\ixconnectionstate.obj
c:\users\madpsy\repos\ka9q_ubersdr\clients\cw_skimmer\ubersdrintf\build32\ubersdrintf.dir\release\ixcancellationrequest.obj
c:\users\madpsy\repos\ka9q_ubersdr\clients\cw_skimmer\ubersdrintf\build32\ubersdrintf.dir\release\ixbench.obj
c:\users\madpsy\repos\ka9q_ubersdr\clients\cw_skimmer\ubersdrintf\build32\ubersdrintf.dir\release\ixwebsockettransport.obj
c:\users\madpsy\repos\ka9q_ubersdr\clients\cw_skimmer\ubersdrintf\build32\ubersdrintf.dir\release\ixwebsocketserver.obj
c:\users\madpsy\repos\ka9q_ubersdr\clients\cw_skimmer\ubersdrintf\build32\ubersdrintf.dir\release\ixwebsocketproxyserver.obj
c:\users\madpsy\repos\ka9q_ubersdr\clients\cw_skimmer\ubersdrintf\build32\ubersdrintf.dir\release\ixwebsocketpermessagedeflateoptions.obj
c:\users\madpsy\repos\ka9q_ubersdr\clients\cw_skimmer\ubersdrintf\build32\ubersdrintf.dir\release\ixwebsocketpermessagedeflatecodec.obj
c:\users\madpsy\repos\ka9q_ubersdr\clients\cw_skimmer\ubersdrintf\build32\ubersdrintf.dir\release\ixwebsocketpermessagedeflate.obj
c:\users\madpsy\repos\ka9q_ubersdr\clients\cw_skimmer\ubersdrintf\build32\ubersdrintf.dir\release\ixwebsockethttpheaders.obj
c:\users\madpsy\repos\ka9q_ubersdr\clients\cw_skimmer\ubersdrintf\build32\ubersdrintf.dir\release\ixwebsockethandshake.obj
c:\users\madpsy\repos\ka9q_ubersdr\clients\cw_skimmer\ubersdrintf\build32\ubersdrintf.dir\release\ixwebsocketcloseconstants.obj
c:\users\madpsy\repos\ka9q_ubersdr\clients\cw_skimmer\ubersdrintf\build32\ubersdrintf.dir\release\ixwebsocket.obj
c:\users\madpsy\repos\ka9q_ubersdr\clients\cw_skimmer\ubersdrintf\build32\ubersdrintf.dir\release\ixuuid.obj
c:\users\madpsy\repos\ka9q_ubersdr\clients\cw_skimmer\ubersdrintf\build32\ubersdrintf.dir\release\ixurlparser.obj
c:\users\madpsy\repos\ka9q_ubersdr\clients\cw_skimmer\ubersdrintf\build32\ubersdrintf.dir\release\ixudpsocket.obj
c:\users\madpsy\repos\ka9q_ubersdr\clients\cw_skimmer\ubersdrintf\build32\ubersdrintf.dir\release\ixstrcasecompare.obj
c:\users\madpsy\repos\ka9q_ubersdr\clients\cw_skimmer\ubersdrintf\build32\ubersdrintf.dir\release\ubersdrshared.obj
c:\users\madpsy\repos\ka9q_ubersdr\clients\cw_skimmer\ubersdrintf\build32\cmakefiles\generate.stamp
c:\users\madpsy\repos\ka9q_ubersdr\clients\cw_skimmer\ubersdrintf\build32\release\ubersdrintf.dll
c:\users\madpsy\repos\ka9q_ubersdr\clients\cw_skimmer\ubersdrintf\build32\release\ubersdrintf.lib
c:\users\madpsy\repos\ka9q_ubersdr\clients\cw_skimmer\ubersdrintf\build32\release\ubersdrintf.exp
c:\users\madpsy\repos\ka9q_ubersdr\clients\cw_skimmer\ubersdrintf\build32\ubersdrintf.dir\release\ubersdrintf.tlog\cl.command.1.tlog
c:\users\madpsy\repos\ka9q_ubersdr\clients\cw_skimmer\ubersdrintf\build32\ubersdrintf.dir\release\ubersdrintf.tlog\cl.items.tlog
c:\users\madpsy\repos\ka9q_ubersdr\clients\cw_skimmer\ubersdrintf\build32\ubersdrintf.dir\release\ubersdrintf.tlog\cl.read.1.tlog
c:\users\madpsy\repos\ka9q_ubersdr\clients\cw_skimmer\ubersdrintf\build32\ubersdrintf.dir\release\ubersdrintf.tlog\cl.write.1.tlog
c:\users\madpsy\repos\ka9q_ubersdr\clients\cw_skimmer\ubersdrintf\build32\ubersdrintf.dir\release\ubersdrintf.tlog\custombuild.command.1.tlog
c:\users\madpsy\repos\ka9q_ubersdr\clients\cw_skimmer\ubersdrintf\build32\ubersdrintf.dir\release\ubersdrintf.tlog\custombuild.read.1.tlog
c:\users\madpsy\repos\ka9q_ubersdr\clients\cw_skimmer\ubersdrintf\build32\ubersdrintf.dir\release\ubersdrintf.tlog\custombuild.write.1.tlog
c:\users\madpsy\repos\ka9q_ubersdr\clients\cw_skimmer\ubersdrintf\build32\ubersdrintf.dir\release\ubersdrintf.tlog\link-cvtres.read.1.tlog
c:\users\madpsy\repos\ka9q_ubersdr\clients\cw_skimmer\ubersdrintf\build32\ubersdrintf.dir\release\ubersdrintf.tlog\link-cvtres.write.1.tlog
c:\users\madpsy\repos\ka9q_ubersdr\clients\cw_skimmer\ubersdrintf\build32\ubersdrintf.dir\release\ubersdrintf.tlog\link-rc.read.1.tlog
c:\users\madpsy\repos\ka9q_ubersdr\clients\cw_skimmer\ubersdrintf\build32\ubersdrintf.dir\release\ubersdrintf.tlog\link-rc.write.1.tlog
c:\users\madpsy\repos\ka9q_ubersdr\clients\cw_skimmer\ubersdrintf\build32\ubersdrintf.dir\release\ubersdrintf.tlog\link.command.1.tlog
c:\users\madpsy\repos\ka9q_ubersdr\clients\cw_skimmer\ubersdrintf\build32\ubersdrintf.dir\release\ubersdrintf.tlog\link.read.1.tlog
c:\users\madpsy\repos\ka9q_ubersdr\clients\cw_skimmer\ubersdrintf\build32\ubersdrintf.dir\release\ubersdrintf.tlog\link.secondary.1.tlog
c:\users\madpsy\repos\ka9q_ubersdr\clients\cw_skimmer\ubersdrintf\build32\ubersdrintf.dir\release\ubersdrintf.tlog\link.write.1.tlog
